<?xml version="1.0" encoding="UTF-8"?>
<robot generator="Robot 6.0.1 (Python 3.10.4 on win32)" generated="20221115 14:25:54.540" rpa="false" schemaversion="3">
<suite id="s1" name="Test Login" source="D:\robotics_framwwork_project\Automation\test_login.robot">
<test id="s1-t1" name="OPEN BROWSER" line="23">
<kw name="open the browser">
<kw name="Open Browser" library="Selenium2Library">
<arg>${HOMEPAGE}</arg>
<arg>${BROWSER}</arg>
<doc>Opens a new browser instance to the optional ``url``.</doc>
<msg timestamp="20221115 14:25:54.771" level="INFO">Opening browser 'Chrome' to base url 'https://opensource-demo.orangehrmlive.com/web/index.php/auth/login'.</msg>
<status status="PASS" starttime="20221115 14:25:54.771" endtime="20221115 14:26:17.433"/>
</kw>
<status status="PASS" starttime="20221115 14:25:54.771" endtime="20221115 14:26:17.435"/>
</kw>
<status status="PASS" starttime="20221115 14:25:54.770" endtime="20221115 14:26:17.436"/>
</test>
<test id="s1-t2" name="Login on OrangeHRM" line="26">
<kw name="login">
<arg>Admin</arg>
<arg>admin123</arg>
<kw name="Set Browser Implicit Wait" library="Selenium2Library">
<arg>10s</arg>
<doc>Sets the implicit wait value used by Selenium.</doc>
<status status="PASS" starttime="20221115 14:26:17.439" endtime="20221115 14:26:17.441"/>
</kw>
<kw name="Input Text" library="Selenium2Library">
<arg>name=username</arg>
<arg>${username}</arg>
<doc>Types the given ``text`` into the text field identified by ``locator``.</doc>
<msg timestamp="20221115 14:26:17.442" level="INFO">Typing text 'Admin' into text field 'name=username'.</msg>
<status status="PASS" starttime="20221115 14:26:17.441" endtime="20221115 14:26:18.713"/>
</kw>
<kw name="Input Password" library="Selenium2Library">
<arg>name=password</arg>
<arg>${password}</arg>
<doc>Types the given password into the text field identified by ``locator``.</doc>
<msg timestamp="20221115 14:26:18.714" level="INFO">Typing password into text field 'name=password'.</msg>
<msg timestamp="20221115 14:26:18.744" level="INFO">Temporally setting log level to: NONE</msg>
<msg timestamp="20221115 14:26:18.795" level="INFO">Log level changed from NONE to INFO.</msg>
<status status="PASS" starttime="20221115 14:26:18.713" endtime="20221115 14:26:18.795"/>
</kw>
<kw name="Click Element" library="Selenium2Library">
<arg>xpath=//*[@id="app"]/div[1]/div/div[1]/div/div[2]/div[2]/form/div[3]/button</arg>
<doc>Click the element identified by ``locator``.</doc>
<msg timestamp="20221115 14:26:18.796" level="INFO">Clicking element 'xpath=//*[@id="app"]/div[1]/div/div[1]/div/div[2]/div[2]/form/div[3]/button'.</msg>
<status status="PASS" starttime="20221115 14:26:18.795" endtime="20221115 14:26:18.851"/>
</kw>
<kw name="Sleep" library="BuiltIn">
<arg>10s</arg>
<doc>Pauses the test executed for the given time.</doc>
<msg timestamp="20221115 14:26:28.866" level="INFO">Slept 10 seconds</msg>
<status status="PASS" starttime="20221115 14:26:18.851" endtime="20221115 14:26:28.866"/>
</kw>
<kw name="Close Browser" library="Selenium2Library">
<doc>Closes the current browser.</doc>
<status status="PASS" starttime="20221115 14:26:28.866" endtime="20221115 14:26:31.114"/>
</kw>
<status status="PASS" starttime="20221115 14:26:17.438" endtime="20221115 14:26:31.114"/>
</kw>
<status status="PASS" starttime="20221115 14:26:17.437" endtime="20221115 14:26:31.115"/>
</test>
<status status="PASS" starttime="20221115 14:25:54.544" endtime="20221115 14:26:31.119"/>
</suite>
<statistics>
<total>
<stat pass="2" fail="0" skip="0">All Tests</stat>
</total>
<tag>
</tag>
<suite>
<stat pass="2" fail="0" skip="0" id="s1" name="Test Login">Test Login</stat>
</suite>
</statistics>
<errors>
</errors>
</robot>
