<?xml version="1.0" encoding="UTF-8"?>
<robot generator="Robot 6.0.1 (Python 3.10.4 on win32)" generated="20221115 18:52:21.246" rpa="false" schemaversion="3">
<suite id="s1" name="Test Chrome" source="D:\robotics_framwwork_project\Automation\test_chrome.robot">
<test id="s1-t1" name="OPEN BROWSER" line="18">
<kw name="open the browser">
<kw name="Open Browser" library="Selenium2Library">
<arg>${HOMEPAGE}</arg>
<arg>${BROWSER}</arg>
<doc>Opens a new browser instance to the optional ``url``.</doc>
<msg timestamp="20221115 18:52:21.448" level="INFO">Opening browser 'Chrome' to base url 'http://www.google.com'.</msg>
<status status="PASS" starttime="20221115 18:52:21.448" endtime="20221115 18:52:26.471"/>
</kw>
<status status="PASS" starttime="20221115 18:52:21.448" endtime="20221115 18:52:26.471"/>
</kw>
<status status="PASS" starttime="20221115 18:52:21.447" endtime="20221115 18:52:26.472"/>
</test>
<test id="s1-t2" name="Search on Google" line="21">
<kw name="search topic">
<arg>browserstack</arg>
<kw name="Input Text" library="Selenium2Library">
<arg>name=q</arg>
<arg>${topic}</arg>
<doc>Types the given ``text`` into the text field identified by ``locator``.</doc>
<msg timestamp="20221115 18:52:26.474" level="INFO">Typing text 'browserstack' into text field 'name=q'.</msg>
<status status="PASS" starttime="20221115 18:52:26.474" endtime="20221115 18:52:26.580"/>
</kw>
<kw name="Press Key" library="Selenium2Library">
<arg>name=q</arg>
<arg>\\13</arg>
<doc>*DEPRECATED in Selenium2Library 4.0.* use `Press Keys` instead.</doc>
<msg timestamp="20221115 18:52:26.581" level="WARN">Keyword 'Selenium2Library.Press Key' is deprecated. use `Press Keys` instead.</msg>
<status status="PASS" starttime="20221115 18:52:26.581" endtime="20221115 18:52:31.389"/>
</kw>
<status status="PASS" starttime="20221115 18:52:26.473" endtime="20221115 18:52:31.390"/>
</kw>
<status status="PASS" starttime="20221115 18:52:26.473" endtime="20221115 18:52:31.390"/>
</test>
<status status="PASS" starttime="20221115 18:52:21.248" endtime="20221115 18:52:31.392"/>
</suite>
<statistics>
<total>
<stat pass="2" fail="0" skip="0">All Tests</stat>
</total>
<tag>
</tag>
<suite>
<stat pass="2" fail="0" skip="0" id="s1" name="Test Chrome">Test Chrome</stat>
</suite>
</statistics>
<errors>
<msg timestamp="20221115 18:52:26.581" level="WARN">Keyword 'Selenium2Library.Press Key' is deprecated. use `Press Keys` instead.</msg>
</errors>
</robot>
